<?xml version="1.0" encoding="UTF-8"?>
<!-- Generated by org.testng.reporters.JUnitReportReporter -->
<testsuite hostname="TCLIN53" failures="0" tests="2" name="usingExcel.loginusingPOI" time="0.871" errors="0" timestamp="2023-06-01T10:39:04 IST" skipped="1">
  <testcase classname="usingExcel.loginusingPOI" name="reaexcel" time="0.871"/>
  <system-out/>
  <testcase classname="usingExcel.loginusingPOI" name="LogintoLMS">
    <skipped/>
  </testcase> <!-- LogintoLMS -->
  <system-out/>
</testsuite> <!-- usingExcel.loginusingPOI -->
