<?xml version="1.0" encoding="UTF-8"?>
<!-- Generated by org.testng.reporters.JUnitReportReporter -->
<testsuite hostname="TCLIN53" failures="0" tests="3" name="usingDataProvider.LoginusingDataProvider" time="24.377" errors="0" timestamp="2023-05-30T17:23:56 IST" skipped="0">
  <testcase classname="usingDataProvider.LoginusingDataProvider" name="LogintoLMS" time="12.004"/>
  <system-out/>
  <testcase classname="usingDataProvider.LoginusingDataProvider" name="LogintoLMS" time="5.024"/>
  <system-out/>
  <testcase classname="usingDataProvider.LoginusingDataProvider" name="LogintoLMS" time="7.349"/>
  <system-out/>
</testsuite> <!-- usingDataProvider.LoginusingDataProvider -->
